[handleMsg]:  {
  key: {
    remoteJid: '34623737733@s.whatsapp.net',
    fromMe: false,
    id: '3EB0955044EADA3DFA3D69',
    participant: undefined
  },
  messageTimestamp: 1695681562,
  pushName: 'José Damseaux',
  broadcast: false,
  messageStubType: 2,
  messageStubParameters: [ 'Message absent from node' ],
  body: undefined,
  from: '34623737733'
}
[handleMsg]:  {
  key: {
    remoteJid: '34623737733@s.whatsapp.net',
    fromMe: false,
    id: '3EB0955044EADA3DFA3D69',
    participant: undefined
  },
  messageTimestamp: 1695681562,
  pushName: 'José Damseaux',
  broadcast: false,
  message: Message {
    conversation: 'hola',
    messageContextInfo: MessageContextInfo {
      deviceListMetadata: [DeviceListMetadata],
      deviceListMetadataVersion: 2
    }
  },
  body: 'hola',
  from: '34623737733'
}
[QUEUE_SE_ENVIO]:  {
  ref: 'ans_b93464c5-0461-497a-95dd-0745c9529544',
  keyword: 'key_3b169fdf-51ad-40da-bd69-97c6d04f3107',
  answer: '¡Hola! Gracias por comunicarte con La picota 1',
  options: {
    media: null,
    buttons: [],
    capture: false,
    child: null,
    delay: 0,
    nested: [],
    keyword: {},
    callback: false
  },
  refSerialize: '479e75ea94ebdcaad5db8dbbf279a407'
}
[QUEUE_SE_ENVIO]:  {
  ref: 'ans_3d740dfd-adae-4f43-aa4b-21d28e1365f8',
  keyword: 'ans_b93464c5-0461-497a-95dd-0745c9529544',
  answer: '👉 *1* para ver nuestra carta\n' +
    '👉 *2*  para ver nuestro menu del dia\n' +
    '👉 *3* para hablar directamente con nosotros',
  options: {
    media: null,
    buttons: [],
    capture: false,
    child: null,
    delay: 0,
    nested: [
      [Object], [Object],
      [Object], [Object],
      [Object], [Object],
      [Object], [Object]
    ],
    keyword: {},
    callback: false
  },
  refSerialize: '04cc5a18b36fb8e84d9b17193c74cd70'
}
[handleMsg]:  {
  key: {
    remoteJid: '34623737733@s.whatsapp.net',
    fromMe: false,
    id: '3EB0D9C3A3D20B38A9D698',
    participant: undefined
  },
  messageTimestamp: 1695681563,
  pushName: 'José Damseaux',
  broadcast: false,
  message: Message {
    conversation: 'hola',
    messageContextInfo: MessageContextInfo {
      deviceListMetadata: [DeviceListMetadata],
      deviceListMetadataVersion: 2
    }
  },
  body: 'hola',
  from: '34623737733'
}
[handleMsg]:  {
  key: {
    remoteJid: '34623737733@s.whatsapp.net',
    fromMe: false,
    id: '3EB072AAA36B79D1585657',
    participant: undefined
  },
  messageTimestamp: 1695681567,
  pushName: 'José Damseaux',
  broadcast: false,
  message: Message {
    conversation: 'hola',
    messageContextInfo: MessageContextInfo {
      deviceListMetadata: [DeviceListMetadata],
      deviceListMetadataVersion: 2
    }
  },
  body: 'hola',
  from: '34623737733'
}
[QUEUE_SE_ENVIO]:  {
  ref: 'ans_b93464c5-0461-497a-95dd-0745c9529544',
  keyword: 'key_3b169fdf-51ad-40da-bd69-97c6d04f3107',
  answer: '¡Hola! Gracias por comunicarte con La picota 1',
  options: {
    media: null,
    buttons: [],
    capture: false,
    child: null,
    delay: 0,
    nested: [],
    keyword: {},
    callback: false
  },
  refSerialize: '479e75ea94ebdcaad5db8dbbf279a407'
}
[QUEUE_SE_ENVIO]:  {
  ref: 'ans_3d740dfd-adae-4f43-aa4b-21d28e1365f8',
  keyword: 'ans_b93464c5-0461-497a-95dd-0745c9529544',
  answer: '👉 *1* para ver nuestra carta\n' +
    '👉 *2*  para ver nuestro menu del dia\n' +
    '👉 *3* para hablar directamente con nosotros',
  options: {
    media: null,
    buttons: [],
    capture: false,
    child: null,
    delay: 0,
    nested: [
      [Object], [Object],
      [Object], [Object],
      [Object], [Object],
      [Object], [Object]
    ],
    keyword: {},
    callback: false
  },
  refSerialize: '04cc5a18b36fb8e84d9b17193c74cd70'
}
[handleMsg]:  {
  key: {
    remoteJid: '34623737733@s.whatsapp.net',
    fromMe: false,
    id: '3EB0A8E0C7276F3756561A',
    participant: undefined
  },
  messageTimestamp: 1695681568,
  pushName: 'José Damseaux',
  broadcast: false,
  message: Message {
    conversation: 'hola',
    messageContextInfo: MessageContextInfo {
      deviceListMetadata: [DeviceListMetadata],
      deviceListMetadataVersion: 2
    }
  },
  body: 'hola',
  from: '34623737733'
}
[handleMsg]:  {
  key: {
    remoteJid: '34623737733@s.whatsapp.net',
    fromMe: false,
    id: '3EB09766A9E3575F525F70',
    participant: undefined
  },
  messageTimestamp: 1695681570,
  pushName: 'José Damseaux',
  broadcast: false,
  message: Message {
    conversation: 'hola',
    messageContextInfo: MessageContextInfo {
      deviceListMetadata: [DeviceListMetadata],
      deviceListMetadataVersion: 2
    }
  },
  body: 'hola',
  from: '34623737733'
}
[QUEUE_SE_ENVIO]:  {
  ref: 'ans_b93464c5-0461-497a-95dd-0745c9529544',
  keyword: 'key_3b169fdf-51ad-40da-bd69-97c6d04f3107',
  answer: '¡Hola! Gracias por comunicarte con La picota 1',
  options: {
    media: null,
    buttons: [],
    capture: false,
    child: null,
    delay: 0,
    nested: [],
    keyword: {},
    callback: false
  },
  refSerialize: '479e75ea94ebdcaad5db8dbbf279a407'
}
[QUEUE_SE_ENVIO]:  {
  ref: 'ans_3d740dfd-adae-4f43-aa4b-21d28e1365f8',
  keyword: 'ans_b93464c5-0461-497a-95dd-0745c9529544',
  answer: '👉 *1* para ver nuestra carta\n' +
    '👉 *2*  para ver nuestro menu del dia\n' +
    '👉 *3* para hablar directamente con nosotros',
  options: {
    media: null,
    buttons: [],
    capture: false,
    child: null,
    delay: 0,
    nested: [
      [Object], [Object],
      [Object], [Object],
      [Object], [Object],
      [Object], [Object]
    ],
    keyword: {},
    callback: false
  },
  refSerialize: '04cc5a18b36fb8e84d9b17193c74cd70'
}
[handleMsg]:  {
  key: {
    remoteJid: '34623737733@s.whatsapp.net',
    fromMe: false,
    id: '3EB0DA3219D9A30EA0FA8B',
    participant: undefined
  },
  messageTimestamp: 1695681645,
  pushName: 'José Damseaux',
  broadcast: false,
  message: Message {
    conversation: 'hola',
    messageContextInfo: MessageContextInfo {
      deviceListMetadata: [DeviceListMetadata],
      deviceListMetadataVersion: 2
    }
  },
  body: 'hola',
  from: '34623737733'
}
[handleMsg]:  {
  key: {
    remoteJid: '34623737733@s.whatsapp.net',
    fromMe: false,
    id: '3EB046D6FCEF42E44740CA',
    participant: undefined
  },
  messageTimestamp: 1695681652,
  pushName: 'José Damseaux',
  broadcast: false,
  message: Message {
    conversation: 'hola',
    messageContextInfo: MessageContextInfo {
      deviceListMetadata: [DeviceListMetadata],
      deviceListMetadataVersion: 2
    }
  },
  body: 'hola',
  from: '34623737733'
}
[QUEUE_SE_ENVIO]:  {
  ref: 'ans_b93464c5-0461-497a-95dd-0745c9529544',
  keyword: 'key_3b169fdf-51ad-40da-bd69-97c6d04f3107',
  answer: '¡Hola! Gracias por comunicarte con La picota 1',
  options: {
    media: null,
    buttons: [],
    capture: false,
    child: null,
    delay: 0,
    nested: [],
    keyword: {},
    callback: false
  },
  refSerialize: '479e75ea94ebdcaad5db8dbbf279a407'
}
[QUEUE_SE_ENVIO]:  {
  ref: 'ans_3d740dfd-adae-4f43-aa4b-21d28e1365f8',
  keyword: 'ans_b93464c5-0461-497a-95dd-0745c9529544',
  answer: '👉 *1* para ver nuestra carta\n' +
    '👉 *2*  para ver nuestro menu del dia\n' +
    '👉 *3* para hablar directamente con nosotros',
  options: {
    media: null,
    buttons: [],
    capture: false,
    child: null,
    delay: 0,
    nested: [
      [Object], [Object],
      [Object], [Object],
      [Object], [Object],
      [Object], [Object]
    ],
    keyword: {},
    callback: false
  },
  refSerialize: '04cc5a18b36fb8e84d9b17193c74cd70'
}
[handleMsg]:  {
  key: {
    remoteJid: '34623737733@s.whatsapp.net',
    fromMe: false,
    id: '3EB05349906CE3C2A481AA',
    participant: undefined
  },
  messageTimestamp: 1695682395,
  pushName: 'José Damseaux',
  broadcast: false,
  message: Message {
    conversation: 'hola',
    messageContextInfo: MessageContextInfo {
      deviceListMetadata: [DeviceListMetadata],
      deviceListMetadataVersion: 2
    }
  },
  body: 'hola',
  from: '34623737733'
}
[handleMsg]:  {
  key: {
    remoteJid: '34623737733@s.whatsapp.net',
    fromMe: false,
    id: '3EB0C9F242B6AFC8BF1A9A',
    participant: undefined
  },
  messageTimestamp: 1695682397,
  pushName: 'José Damseaux',
  broadcast: false,
  message: Message {
    conversation: 'hola',
    messageContextInfo: MessageContextInfo {
      deviceListMetadata: [DeviceListMetadata],
      deviceListMetadataVersion: 2
    }
  },
  body: 'hola',
  from: '34623737733'
}
[QUEUE_SE_ENVIO]:  {
  ref: 'ans_b93464c5-0461-497a-95dd-0745c9529544',
  keyword: 'key_3b169fdf-51ad-40da-bd69-97c6d04f3107',
  answer: '¡Hola! Gracias por comunicarte con La picota 1',
  options: {
    media: null,
    buttons: [],
    capture: false,
    child: null,
    delay: 0,
    nested: [],
    keyword: {},
    callback: false
  },
  refSerialize: '479e75ea94ebdcaad5db8dbbf279a407'
}
[QUEUE_SE_ENVIO]:  {
  ref: 'ans_3d740dfd-adae-4f43-aa4b-21d28e1365f8',
  keyword: 'ans_b93464c5-0461-497a-95dd-0745c9529544',
  answer: '👉 *1* para ver nuestra carta\n' +
    '👉 *2*  para ver nuestro menu del dia\n' +
    '👉 *3* para hablar directamente con nosotros',
  options: {
    media: null,
    buttons: [],
    capture: false,
    child: null,
    delay: 0,
    nested: [
      [Object], [Object],
      [Object], [Object],
      [Object], [Object],
      [Object], [Object]
    ],
    keyword: {},
    callback: false
  },
  refSerialize: '04cc5a18b36fb8e84d9b17193c74cd70'
}
[handleMsg]:  {
  key: {
    remoteJid: '34623737733@s.whatsapp.net',
    fromMe: false,
    id: '3EB0D17487E66EF0C945A7',
    participant: undefined
  },
  messageTimestamp: 1695682399,
  pushName: 'José Damseaux',
  broadcast: false,
  message: Message {
    conversation: 'hola',
    messageContextInfo: MessageContextInfo {
      deviceListMetadata: [DeviceListMetadata],
      deviceListMetadataVersion: 2
    }
  },
  body: 'hola',
  from: '34623737733'
}
[handleMsg]:  {
  key: {
    remoteJid: '34623737733@s.whatsapp.net',
    fromMe: false,
    id: '3EB013C57994E8858050B0',
    participant: undefined
  },
  messageTimestamp: 1695682400,
  pushName: 'José Damseaux',
  broadcast: false,
  message: Message {
    conversation: 'hola',
    messageContextInfo: MessageContextInfo {
      deviceListMetadata: [DeviceListMetadata],
      deviceListMetadataVersion: 2
    }
  },
  body: 'hola',
  from: '34623737733'
}
[QUEUE_SE_ENVIO]:  {
  ref: 'ans_b93464c5-0461-497a-95dd-0745c9529544',
  keyword: 'key_3b169fdf-51ad-40da-bd69-97c6d04f3107',
  answer: '¡Hola! Gracias por comunicarte con La picota 1',
  options: {
    media: null,
    buttons: [],
    capture: false,
    child: null,
    delay: 0,
    nested: [],
    keyword: {},
    callback: false
  },
  refSerialize: '479e75ea94ebdcaad5db8dbbf279a407'
}
[QUEUE_SE_ENVIO]:  {
  ref: 'ans_3d740dfd-adae-4f43-aa4b-21d28e1365f8',
  keyword: 'ans_b93464c5-0461-497a-95dd-0745c9529544',
  answer: '👉 *1* para ver nuestra carta\n' +
    '👉 *2*  para ver nuestro menu del dia\n' +
    '👉 *3* para hablar directamente con nosotros',
  options: {
    media: null,
    buttons: [],
    capture: false,
    child: null,
    delay: 0,
    nested: [
      [Object], [Object],
      [Object], [Object],
      [Object], [Object],
      [Object], [Object]
    ],
    keyword: {},
    callback: false
  },
  refSerialize: '04cc5a18b36fb8e84d9b17193c74cd70'
}
[handleMsg]:  {
  key: {
    remoteJid: '34623737733@s.whatsapp.net',
    fromMe: false,
    id: '3EB0083BEA234FA8B610DD',
    participant: undefined
  },
  messageTimestamp: 1695682974,
  pushName: 'José Damseaux',
  broadcast: false,
  message: Message {
    conversation: 'hola',
    messageContextInfo: MessageContextInfo {
      deviceListMetadata: [DeviceListMetadata],
      deviceListMetadataVersion: 2
    }
  },
  body: 'hola',
  from: '34623737733'
}
[handleMsg]:  {
  key: {
    remoteJid: '34623737733@s.whatsapp.net',
    fromMe: false,
    id: '3EB0766222A450FB29D139',
    participant: undefined
  },
  messageTimestamp: 1695682976,
  pushName: 'José Damseaux',
  broadcast: false,
  message: Message {
    conversation: 'hola',
    messageContextInfo: MessageContextInfo {
      deviceListMetadata: [DeviceListMetadata],
      deviceListMetadataVersion: 2
    }
  },
  body: 'hola',
  from: '34623737733'
}
[QUEUE_SE_ENVIO]:  {
  ref: 'ans_b93464c5-0461-497a-95dd-0745c9529544',
  keyword: 'key_3b169fdf-51ad-40da-bd69-97c6d04f3107',
  answer: '¡Hola! Gracias por comunicarte con La picota 1',
  options: {
    media: null,
    buttons: [],
    capture: false,
    child: null,
    delay: 0,
    nested: [],
    keyword: {},
    callback: false
  },
  refSerialize: '479e75ea94ebdcaad5db8dbbf279a407'
}
[QUEUE_SE_ENVIO]:  {
  ref: 'ans_3d740dfd-adae-4f43-aa4b-21d28e1365f8',
  keyword: 'ans_b93464c5-0461-497a-95dd-0745c9529544',
  answer: '👉 *1* para ver nuestra carta\n' +
    '👉 *2*  para ver nuestro menu del dia\n' +
    '👉 *3* para hablar directamente con nosotros',
  options: {
    media: null,
    buttons: [],
    capture: false,
    child: null,
    delay: 0,
    nested: [
      [Object], [Object],
      [Object], [Object],
      [Object], [Object],
      [Object], [Object]
    ],
    keyword: {},
    callback: false
  },
  refSerialize: '04cc5a18b36fb8e84d9b17193c74cd70'
}
[handleMsg]:  {
  key: {
    remoteJid: '34623737733@s.whatsapp.net',
    fromMe: false,
    id: '3EB046CCECE1CD7047D036',
    participant: undefined
  },
  messageTimestamp: 1695682999,
  pushName: 'José Damseaux',
  broadcast: false,
  message: Message {
    conversation: "const flowPrincipal = addKeyword(['hola', 'ole', 'alo'])\n" +
      "    .addAnswer('¡Hola! Gracias por comunicarte con La picota 1')\n" +
      '    .addAnswer(\n' +
      '        [\n' +
      "            '👉 *1* para ver nuestra carta',\n" +
      "            '👉 *2*  para ver nuestro menu del dia',\n" +
      "            '👉 *3* para hablar directamente con nosotros',\n" +
      '        ],\n' +
      '        null,\n' +
      '        null,\n' +
      '        [flowDocs, flowGracias, flowTuto, flowDiscord]\n' +
      '    )',
    messageContextInfo: MessageContextInfo {
      deviceListMetadata: [DeviceListMetadata],
      deviceListMetadataVersion: 2
    }
  },
  body: "const flowPrincipal = addKeyword(['hola', 'ole', 'alo'])\n" +
    "    .addAnswer('¡Hola! Gracias por comunicarte con La picota 1')\n" +
    '    .addAnswer(\n' +
    '        [\n' +
    "            '👉 *1* para ver nuestra carta',\n" +
    "            '👉 *2*  para ver nuestro menu del dia',\n" +
    "            '👉 *3* para hablar directamente con nosotros',\n" +
    '        ],\n' +
    '        null,\n' +
    '        null,\n' +
    '        [flowDocs, flowGracias, flowTuto, flowDiscord]\n' +
    '    )',
  from: '34623737733'
}
[QUEUE_SE_ENVIO]:  {
  ref: 'ans_25b163f8-5f7b-401b-af08-8fcf124163f8',
  keyword: 'key_497fac5b-12a2-4f96-8b5a-53ea3c63aca8',
  answer: '📄 Aquí encontras las documentación recuerda que puedes mejorarla\n' +
    'https://bot-whatsapp.netlify.app/\n' +
    '\n' +
    '*2* Para siguiente paso.',
  options: {
    media: null,
    buttons: [],
    capture: false,
    child: null,
    delay: 0,
    nested: [ [Object], [Object] ],
    keyword: {},
    callback: false
  },
  refSerialize: '9eeee2e3c3747e0749b77af1b547269e'
}
